c:\users\gomjellie\documents\github\cpptetrisextendedai\cpptetrisextendedai\cpptetrisextendedai\debug\vc140.pdb
c:\users\gomjellie\documents\github\cpptetrisextendedai\cpptetrisextendedai\cpptetrisextendedai\debug\vc140.idb
c:\users\gomjellie\documents\github\cpptetrisextendedai\cpptetrisextendedai\cpptetrisextendedai\debug\aicontroller.obj
c:\users\gomjellie\documents\github\cpptetrisextendedai\cpptetrisextendedai\cpptetrisextendedai\debug\block.obj
c:\users\gomjellie\documents\github\cpptetrisextendedai\cpptetrisextendedai\cpptetrisextendedai\debug\board.obj
c:\users\gomjellie\documents\github\cpptetrisextendedai\cpptetrisextendedai\cpptetrisextendedai\debug\color.obj
c:\users\gomjellie\documents\github\cpptetrisextendedai\cpptetrisextendedai\cpptetrisextendedai\debug\controller.obj
c:\users\gomjellie\documents\github\cpptetrisextendedai\cpptetrisextendedai\cpptetrisextendedai\debug\ghost.obj
c:\users\gomjellie\documents\github\cpptetrisextendedai\cpptetrisextendedai\cpptetrisextendedai\debug\interface.obj
c:\users\gomjellie\documents\github\cpptetrisextendedai\cpptetrisextendedai\cpptetrisextendedai\debug\sound.obj
c:\users\gomjellie\documents\github\cpptetrisextendedai\cpptetrisextendedai\cpptetrisextendedai\debug\main.obj
c:\users\gomjellie\documents\github\cpptetrisextendedai\cpptetrisextendedai\cpptetrisextendedai\debug\item.obj
c:\users\gomjellie\documents\github\cpptetrisextendedai\cpptetrisextendedai\cpptetrisextendedai\debug\attackitemscatter.obj
c:\users\gomjellie\documents\github\cpptetrisextendedai\cpptetrisextendedai\cpptetrisextendedai\debug\attackitemchangeboard.obj
c:\users\gomjellie\documents\github\cpptetrisextendedai\cpptetrisextendedai\debug\cpptetrisextendedai.ilk
c:\users\gomjellie\documents\github\cpptetrisextendedai\cpptetrisextendedai\debug\cpptetrisextendedai.exe
c:\users\gomjellie\documents\github\cpptetrisextendedai\cpptetrisextendedai\debug\cpptetrisextendedai.pdb
c:\users\gomjellie\documents\github\cpptetrisextendedai\cpptetrisextendedai\cpptetrisextendedai\debug\main.obj.enc
c:\users\gomjellie\documents\github\cpptetrisextendedai\cpptetrisextendedai\cpptetrisextendedai\debug\cpptetri.e2e6d9d9.tlog\cl.command.1.tlog
c:\users\gomjellie\documents\github\cpptetrisextendedai\cpptetrisextendedai\cpptetrisextendedai\debug\cpptetri.e2e6d9d9.tlog\cl.read.1.tlog
c:\users\gomjellie\documents\github\cpptetrisextendedai\cpptetrisextendedai\cpptetrisextendedai\debug\cpptetri.e2e6d9d9.tlog\cl.write.1.tlog
c:\users\gomjellie\documents\github\cpptetrisextendedai\cpptetrisextendedai\cpptetrisextendedai\debug\cpptetri.e2e6d9d9.tlog\link.command.1.tlog
c:\users\gomjellie\documents\github\cpptetrisextendedai\cpptetrisextendedai\cpptetrisextendedai\debug\cpptetri.e2e6d9d9.tlog\link.read.1.tlog
c:\users\gomjellie\documents\github\cpptetrisextendedai\cpptetrisextendedai\cpptetrisextendedai\debug\cpptetri.e2e6d9d9.tlog\link.write.1.tlog
